****************************************************************************
***                      Sentaurus Structure Editor                      ***
***                        Version T-2022.03-SP2                         ***
***                      (0.7745337, x86_64, Linux)                      ***
***                                                                      ***
***               Copyright (C) 1994-2022 Synopsys, Inc.                 ***
***        Portions of this software are owned by Spatial Corp.          ***
***            Copyright (C) 1986-2022. All Rights Reserved.             ***
***                                                                      ***
***  This software and the associated documentation are confidential     ***
***  and proprietary to Synopsys, Inc.  Your use or disclosure of this   ***
***  software is subject to the terms and conditions of a written        ***
***  license agreement between you, or your company, and Synopsys, Inc.  ***
****************************************************************************

Compiled Fri Aug  5 13:04:55 PDT 2022 on: swe-vm-kcr-tcad01
Running on: iitpkd21
Hardware type: x86_64
OS name: Linux
OS release: 3.10.0-1160.92.1.el7.x86_64
OS version: #1 SMP Tue Jun 20 11:48:01 UTC 2023
Process ID: 27752

[SCL] 07/08/2024 05:17:30 PID:27752 Client:iitpkd21 Server:27020@c2s.cdacb.in Authorization succeeded sde_all 2022.03
[SCL] Checking status for feature sde_all - 07/08/2024 05:17:30
[SCL] 07/08/2024 05:17:30 PID:27752 Client:iitpkd21 Server:27020@c2s.cdacb.in Checkout succeeded sde_all 2022.03
version #3 done.
Evaluating file n3_dvs.cmd

---> (bound? 'region_Silicon_substrate)

---> (sdegeo:create-rectangle (position 1.253 0 0) (position 2.253 6 0) Silicon region_Silicon_substrate)

---> (sde:set-default-material GaN)

---> (bound? 'region_GaN_Buffer)

---> (sdegeo:create-rectangle (position 0.253 0 0) (position 1.253 6 0) GaN region_GaN_Buffer)

---> (bound? 'region_GaN_channel)

---> (sdegeo:create-rectangle (position 0.073 0 0) (position 0.253 6 0) GaN region_GaN_channel)

---> (sde:set-default-material AlN)

---> (bound? 'region_AlN)

---> (sdegeo:create-rectangle (position 0.072 0 0) (position 0.073 6 0) AlN region_AlN)

---> (sde:set-default-material AlGaN)

---> (bound? 'region_AlGaN_Barrier)

---> (sdegeo:create-rectangle (position 0.047 0 0) (position 0.072 6 0) AlGaN region_AlGaN_Barrier)

---> (sdegeo:set-default-boolean ABA)

---> (sde:set-default-material GaN)

---> (bound? 'region_GaN_Cap_1)

---> (sdegeo:create-rectangle (position 0.044 0 0) (position 0.047 2.003 0) GaN region_GaN_Cap_1)

---> (bound? 'region_GaN_Cap_2)

---> (sdegeo:create-rectangle (position 0.047 2 0) (position 0.06 2.003 0) GaN region_GaN_Cap_2)

---> (bound? 'region_GaN_Cap_3)

---> (sdegeo:create-rectangle (position 0.057 2.003 0) (position 0.06 4 0) GaN region_GaN_Cap_3)

---> (bound? 'region_GaN_Cap_4)

---> (sdegeo:create-rectangle (position 0.044 3.997 0) (position 0.057 4 0) GaN region_GaN_Cap_4)

---> (bound? 'region_GaN_Cap_5)

---> (sdegeo:create-rectangle (position 0.044 4 0) (position 0.047 6 0) GaN region_GaN_Cap_5)

---> (sdegeo:set-default-boolean ABA)

---> (sde:set-default-material AlOx)

---> (bound? 'region_Al2O3_1)

---> (sdegeo:create-rectangle (position 0.04 0 0) (position 0.044 2.007 0) AlOx region_Al2O3_1)

---> (bound? 'region_Al2O3_2)

---> (sdegeo:create-rectangle (position 0.04 2.003 0) (position 0.057 2.007 0) AlOx region_Al2O3_2)

---> (bound? 'region_Al2O3_3)

---> (sdegeo:create-rectangle (position 0.053 2.007 0) (position 0.057 3.997 0) AlOx region_Al2O3_3)

---> (bound? 'region_Al2O3_4)

---> (sdegeo:create-rectangle (position 0.04 3.993 0) (position 0.053 3.997 0) AlOx region_Al2O3_4)

---> (bound? 'region_Al2O3_5)

---> (sdegeo:create-rectangle (position 0.04 3.997 0) (position 0.044 6 0) AlOx region_Al2O3_5)

---> (sdegeo:set-default-boolean ABA)

---> (bound? 'region_AlScN)

---> (sdegeo:create-rectangle (position 0 0 0) (position 0.04 2.047 0) AlScN region_AlScN_1)

---> (bound? 'region_AlScN)

---> (sdegeo:create-rectangle (position 0.04 2.007 0) (position 0.053 2.047 0) AlScN region_AlScN_2)

---> (bound? 'region_AlScN)

---> (sdegeo:create-rectangle (position 0.013 2.047 0) (position 0.053 3.993 0) AlScN region_AlScN_3)

---> (bound? 'region_AlScN)

---> (sdegeo:create-rectangle (position 0 3.953 0) (position 0.013 3.993 0) AlScN region_AlScN_4)

---> (bound? 'region_AlScN)

---> (sdegeo:create-rectangle (position 0 3.993 0) (position 0.04 6 0) AlScN region_AlScN_5)

---> (sdegeo:set-default-boolean ABA)

---> (sde:set-default-material Metal)

---> (define src.metal (sdegeo:create-rectangle (position 0 0 0) (position 0.083 0.05 0) Metal tmp.source))

---> (define drn.metal (sdegeo:create-rectangle (position 0.0 5.95 0) (position 0.083 6 0) Metal tmp.drain))

---> (define gt1.metal (sdegeo:create-rectangle (position -0.15 2 0) (position 0 4 0) Metal tmp.gate))

---> (define gt2.metal (sdegeo:create-rectangle (position 0 2.047 0) (position 0.013 3.953 0) Metal tmp.gate))

---> (sdegeo:define-contact-set Gate 4 (color:rgb 1 0 0) ##)

---> (sdegeo:define-contact-set Source 4 (color:rgb 1 0 1) ##)

---> (sdegeo:define-contact-set Drain 4 (color:rgb 1 1 0) ##)

---> (sdegeo:define-contact-set Body 4 (color:rgb 1 1 1) ##)

---> (sdegeo:set-current-contact-set Gate)

---> (sdegeo:set-contact (list (car (find-edge-id (position -0.15 3 0))) (car (find-edge-id (position -0.075 2 0))) (car (find-edge-id (position -0.075 4 0))) (car (find-edge-id (position 0 3.0 0))) (car (find-edge-id (position 0.013 3.0 0))) (car (find-edge-id (position 0.0065 3.953 0))) (car (find-edge-id (position 0.0065 2.047 0))) (car (find-edge-id (position 0 2.0235 0))) (car (find-edge-id (position 0 3.973 0))) (car (find-edge-id (position 0 3.9965 0)))) Gate)

(sdegeo:set-contact (list (car (find-edge-id (position -0.15 3 0))) (car (find-edge-id (position -0.075 2 0))) (car (find-edge-id (position -0.075 4 0))) (car (find-edge-id (position 0 3.0 0))) (car (find-edge-id (position 0.013 3.0 0))) (car (find-edge-id (position 0.0065 3.953 0))) (car (find-edge-id (position 0.0065 2.047 0))) (car (find-edge-id (position 0 2.0235 0))) (car (find-edge-id (position 0 3.973 0))) (car (find-edge-id (position 0 3.9965 0)))) "Gate")

---> (sdegeo:set-contact-boundary-edges gt1.metal)

(sdegeo:set-contact (list (car (find-body-id (position -0.075 3 0)))) "Gate")

(sdegeo:set-contact (list (car (find-edge-id (position -0.075 2 0))) (car (find-edge-id (position 0 2.0235 0))) (car (find-edge-id (position 0 3.0 0))) (car (find-edge-id (position 0 3.973 0))) (car (find-edge-id (position 0 3.9965 0))) (car (find-edge-id (position -0.075 4 0))) (car (find-edge-id (position -0.15 3 0)))) "Gate")

---> (sdegeo:delete-region gt1.metal)

---> (sdegeo:set-contact-boundary-edges gt2.metal)

(sdegeo:set-contact (list (car (find-body-id (position 0.0065 3 0)))) "Gate")

(sdegeo:set-contact (list (car (find-edge-id (position 0.0065 2.047 0))) (car (find-edge-id (position 0.013 3.0 0))) (car (find-edge-id (position 0.0065 3.953 0))) (car (find-edge-id (position 0 3.0 0)))) "Gate")

---> (sdegeo:delete-region gt2.metal)

---> (sdegeo:set-current-contact-set Source)

---> (sdegeo:set-contact (list (car (find-edge-id (position 0 0.025 0))) (car (find-edge-id (position 0.0415 0 0))) (car (find-edge-id (position 0.02 0.05 0))) (car (find-edge-id (position 0.042 0.05 0))) (car (find-edge-id (position 0.0455 0.05 0))) (car (find-edge-id (position 0.0595 0.05 0))) (car (find-edge-id (position 0.0725 0.05 0))) (car (find-edge-id (position 0.078 0.05 0))) (car (find-edge-id (position 0.083 0.025 0)))) Source)

(sdegeo:set-contact (list (car (find-edge-id (position 0 0.025 0))) (car (find-edge-id (position 0.0415 0 0))) (car (find-edge-id (position 0.02 0.05 0))) (car (find-edge-id (position 0.042 0.05 0))) (car (find-edge-id (position 0.0455 0.05 0))) (car (find-edge-id (position 0.0595 0.05 0))) (car (find-edge-id (position 0.0725 0.05 0))) (car (find-edge-id (position 0.078 0.05 0))) (car (find-edge-id (position 0.083 0.025 0)))) "Source")

---> (sdegeo:set-contact-boundary-edges src.metal)

(sdegeo:set-contact (list (car (find-body-id (position 0.0415 0.025 0)))) "Source")

(sdegeo:set-contact (list (car (find-edge-id (position 0.0415 0 0))) (car (find-edge-id (position 0.083 0.025 0))) (car (find-edge-id (position 0.078 0.05 0))) (car (find-edge-id (position 0.0725 0.05 0))) (car (find-edge-id (position 0.0595 0.05 0))) (car (find-edge-id (position 0.0455 0.05 0))) (car (find-edge-id (position 0.042 0.05 0))) (car (find-edge-id (position 0.02 0.05 0))) (car (find-edge-id (position 0 0.025 0)))) "Source")

---> (sdegeo:delete-region src.metal)

---> (sdegeo:set-current-contact-set Drain)

---> (sdegeo:set-contact (list (car (find-edge-id (position 0 5.975 0))) (car (find-edge-id (position 0.02 5.95 0))) (car (find-edge-id (position 0.0415 6 0))) (car (find-edge-id (position 0.042 5.95 0))) (car (find-edge-id (position 0.0455 5.95 0))) (car (find-edge-id (position 0.0595 5.95 0))) (car (find-edge-id (position 0.0725 5.95 0))) (car (find-edge-id (position 0.078 5.95 0))) (car (find-edge-id (position 0.083 5.975 0)))) Drain)

(sdegeo:set-contact (list (car (find-edge-id (position 0 5.975 0))) (car (find-edge-id (position 0.02 5.95 0))) (car (find-edge-id (position 0.0415 6 0))) (car (find-edge-id (position 0.042 5.95 0))) (car (find-edge-id (position 0.0455 5.95 0))) (car (find-edge-id (position 0.0595 5.95 0))) (car (find-edge-id (position 0.0725 5.95 0))) (car (find-edge-id (position 0.078 5.95 0))) (car (find-edge-id (position 0.083 5.975 0)))) "Drain")

---> (sdegeo:set-contact-boundary-edges drn.metal)

(sdegeo:set-contact (list (car (find-body-id (position 0.02 5.975 0)))) "Drain")

(sdegeo:set-contact (list (car (find-edge-id (position 0.02 5.95 0))) (car (find-edge-id (position 0.042 5.95 0))) (car (find-edge-id (position 0.0455 5.95 0))) (car (find-edge-id (position 0.0595 5.95 0))) (car (find-edge-id (position 0.0725 5.95 0))) (car (find-edge-id (position 0.078 5.95 0))) (car (find-edge-id (position 0.083 5.975 0))) (car (find-edge-id (position 0.0415 6 0))) (car (find-edge-id (position 0 5.975 0)))) "Drain")

---> (sdegeo:delete-region drn.metal)

---> (sdegeo:set-current-contact-set Body)

---> (sdegeo:set-contact (list (car (find-edge-id (position 2.253 3 0)))) Body)

(sdegeo:set-contact (list (car (find-edge-id (position 2.253 3 0)))) "Body")

---> (bound? 'RefEvalWin_Overall)

---> (sdedr:define-refeval-window RefEvalWin_Overall Rectangle (position 0 0 0) (position 2.253 6 0))

---> (sdedr:define-refinement-size RefinementDefinition_Overall 100 100 80 80)

---> (sdedr:define-refinement-placement RefinementPlacement_Overall RefinementDefinition_Overall (list window RefEvalWin_Overall))

---> (sdedr:define-refinement-size RefinementDefinition_Gate_2 100 100 80 80)

---> (sdedr:define-refinement-placement RefinementPlacement_Gate_2 RefinementDefinition_Gate_2 (list region region_Gate))

---> (sdedr:define-refinement-size RefinementDefinition_Gate_1 100 100 80 80)

---> (sdedr:define-refinement-placement RefinementPlacement_Gate_1 RefinementDefinition_Gate_1 (list region region_Gate))

---> (sdedr:define-refeval-window RefEvalWin_GaN_Buff Rectangle (position 1.243 0 0.0) (position 1.263 6 0.0))

---> (sdedr:define-refinement-size RefinementDefinition_GaN_buff 0.8 0.8 0.6 0.6)

---> (sdedr:define-refinement-placement RefinementPlacement_GaN_buff RefinementDefinition_GaN_buff (list region region_Gate))

---> (sdedr:define-refeval-window RefEvalWin_Gan_channel_buff Rectangle (position 0.253 0 0.0) (position 0.263 6 0.0))

---> (sdedr:define-refinement-size RefinementDefinition_GaN_channel_buff 0.09 0.09 0.07 0.07)

---> (sdedr:define-refinement-placement RefinementPlacement_GaN_channel_buff RefinementDefinition_GaN_channel_buff (list window RefEvalWin_Gan_channel_buff))

---> (sdedr:define-refeval-window RefEvalWin_channel_barrier Rectangle (position 0.074 0 0.0) (position 0.084 6 0.0))

---> (sdedr:define-refinement-size RefinementDefinition_channel_barr 0.05 0.02 0.008 0.01)

---> (sdedr:define-refinement-placement RefinementPlacement_channel_barr RefinementDefinition_channel_barr (list window RefEvalWin_channel_barrier))

---> (sdedr:define-refeval-window RefEvalWin_channel_barrier Rectangle (position 0.072 0 0.0) (position 0.073 6 0.0))

---> (sdedr:define-refinement-size RefinementDefinition_channel_barr 0.003 0.04 0.002 0.01)

---> (sdedr:define-refinement-placement RefinementPlacement_channel_barr RefinementDefinition_channel_barr (list window RefEvalWin_channel_barrier))

---> (sdedr:define-refeval-window RefEvalWin_Ferro_region Rectangle (position 0.013 2 0.0) (position 0.08 4 0.0))

---> (sdedr:define-refinement-size RefinementDefinition_ferro_region 0.02 0.02 0.01 0.01)

---> (sdedr:define-refinement-placement RefinementPlacement_ferro_region RefinementDefinition_ferro_region (list window RefEvalWin_Ferro_region))

---> (sdedr:define-refeval-window RefEvalWin_Ferro_region Rectangle (position 0 2 0.0) (position 0.08 2.05 0.0))

---> (sdedr:define-refinement-size RefinementDefinition_RefEvalWin_Gate_Edge 0.002 0.002 0.001 0.001)

---> (sdedr:define-refinement-placement RefinementPlacement_RefEvalWin_Gate_Edge RefinementDefinition_Gate_Edge (list window RefEvalWin_Gate_Edge))

The reference/evaluation window `RefEvalWin_Gate_Edge' has not yet been defined!
---> (sdedr:define-refeval-window RefEvalWin_Ferro_region Rectangle (position 0 3.95 0.0) (position 0.08 4.05 0.0))

---> (sdedr:define-refinement-size RefinementDefinition_RefEvalWin_Gate_Edge1 0.002 0.002 0.001 0.001)

---> (sdedr:define-refinement-placement RefinementPlacement_RefEvalWin_Gate_Edge1 RefinementDefinition_Gate_Edge1 (list window RefEvalWin_Gate_Edge1))

The reference/evaluation window `RefEvalWin_Gate_Edge1' has not yet been defined!
---> (sde:set-project-name sdemodel)

---> (sdesnmesh:iocontrols outputFile n3)

---> (sde:set-meshing-command snmesh)

---> (sde:set-project-name sdemodel)

---> (sdesnmesh:iocontrols outputFile n3)

---> (sde:build-mesh  sdemodel)

****************************************************************************
***                            Sentaurus Mesh                            ***
***                        Version T-2022.03-SP2                         ***
***                      (0.7745337, x86_64, Linux)                      ***
***                                                                      ***
***                       Copyright (C) 2005-2022                        ***
***                            Synopsys, Inc.                            ***
***                                                                      ***
***  This software and the associated documentation are confidential     ***
***  and proprietary to Synopsys, Inc.  Your use or disclosure of this   ***
***  software is subject to the terms and conditions of a written        ***
***  license agreement between you, or your company, and Synopsys, Inc.  ***
****************************************************************************

Compiled Fri Aug  5 13:12:10 PDT 2022 on: swe-vm-kcr-tcad01
Running on: iitpkd21
Hardware type: x86_64
OS name: Linux
OS release: 3.10.0-1160.92.1.el7.x86_64
OS version: #1 SMP Tue Jun 20 11:48:01 UTC 2023
Process ID: 27798

Flags used:

Using total concentrations for net doping
[SCL] Checking status for feature Mesh2D_all - 07/08/2024 05:17:32
[SCL] 07/08/2024 05:17:32 PID:27798 Client:iitpkd21 Server:27020@c2s.cdacb.in Checkout succeeded Mesh2D_all 2022.03
** Generating 2d grid **

Creating binary tree...done.
Imprinting binary tree on the boundary...done.
Optimizing boundary nodes...done.

Number of vertices after binary tree generation : 
  7029 (tree) + 2215 (boundary)


=================================  brep2d quality  =====================================
minAngle: 90  [near (1.253 -0)] at region=region_Silicon_substrate
nVerts = 2215  nTris = 2234  nRegs = 24
bmin: -0 -0
bmax: 2.253 6
min area: 0.000393555  max area: 0.75  min edge length : 0.000393555
total area  : 58.298 interface area: 41.766
total volume: 18.7179
Conformal? true
Are all boundaries on bbox? false
==================================================================================
** Delaunizing the mesh **

Creating delaunizer input...done.
Solving edges...done 
Optimizing elements...done. (9119 vertices)
Fixing diagonals...done.

The final mesh has: 
    8926 points.
   17497 elements.
      24 regions.
Max. connectivity = 8 located at (0.0352031;2.00391)


==============================  tri-grid quality  ================================
    0  10  20  30  40  50  60  70  80  90 100 110 120 130 140 150 160 170 180
 %    5  15   6   3   4   3   5   7  15  37  .   .   .                     
---------------------------------------------------------------------------------
minAngle: 0.954841  maxAngle: 123.941
nVerts = 8926  nTris = 17497  nMats = 20
max connectivity (tris per node): 8
bmin: -0 -0
bmax: 2.253 6
min edgeLength: 0.000195312  [near (0.0529023 2.02734)]
min volume: 8.8501e-08  max volume: 0.211219  Total volume: 13.4849
bbox  volume: 13.518
Are all boundaries on bbox? false
=================================================================================

Smallest region: region_GaN_Cap_2  Total volume: 3.9e-05
Interpolating data...done.
done.
Saving file n3_msh.tdr...done.
[SCL] 07/08/2024 05:17:32 PID:27798 Client:iitpkd21 checkin-incr Feature:Mesh2D_all Count:1 
[SCL] 07/08/2024 05:17:32 PID:27798 Client:iitpkd21 checkin-incr Feature:sparallel_all Count:0 

===============================  Timer Report===================================
              Total Mesh Generation Time:     0.532s       100%
                       Rate of #Vertices:  1.68e+04
                          Rate of #Edges:  3.99e+04
                          Rate of #Faces:  3.29e+04
                       Rate of #Elements:         0

                            Time Covered:         0s         0%


"Meshing successful"
---> (system:command svisual n3_msh.tdr &)

---> #[end-of-file]

"************************************************************************"
"Sentaurus Structure Editor "
"Start Time:    Mon Jul  8 05:17:30 2024"
"End   Time:    Mon Jul  8 05:17:32 2024"
"Total Execution Time (sec):    2"
"Total System calls Time (sec): 0"
"************************************************************************"
[SCL] 07/08/2024 05:17:32 PID:27752 Client:iitpkd21 checkin-incr Feature:sde_all Count:1 
[SCL] 07/08/2024 05:17:32 PID:27752 Client:iitpkd21 checkin-incr Feature:sde3d_all Count:0 
Enabling MESA because GLX was not detected.
AVX support detected. Using MESA with AVX support.

****************************************************************************
***                           Sentaurus Visual                           ***
***                         Version T-2022.03-SP2                        ***
***                      (0.7745337, x86_64, Linux)                      ***
***                                                                      ***
***                        Copyright (c) 2012-2022                       ***
***                            Synopsys, Inc.                            ***
***  This software and the associated documentation are confidential     ***
***  and proprietary to Synopsys, Inc.  Your use or disclosure of this   ***
***  software is subject to the terms and conditions of a written        ***
***  license agreement between you, or your company, and Synopsys, Inc.  ***
****************************************************************************

Compiled Fri Aug  5 13:19:18 PDT 2022 on swe-vm-kcr-tcad01

[SCL] Checking status for feature svisual_all - 07/08/2024 05:17:[[SCL] 07/08/2024 05:19:23 PID:17223 Client:iitpkd21 checkin-incr Feature:svisual_all Count:1 
eded svisual_all 2022.03
Datexcodes: Found and Loaded at: '/opt/synopsys/TCAD/sentaurus/T-2022.03-SP2/bin/../tcad/current/lib/datexcodes.txt'.
Datexcodes: Found and Loaded at: '/opt/synopsys/TCAD/sentaurus/T-2022.03-SP2/tcad/current/lib/datexcodes.txt'.
Datexcodes: Found and Loaded at: '/home/student/Desktop/1Vdrn/datexcodes.txt'.
Tcl-Library: pa[SCL] 07/08/2024 05:19:19 PID:20218 Client:iitpkd21 checkin-incr Feature:svisual_all Count:1 
-Library: path added: '/home/student/svisuallib'.
Loading Custom Buttons interface ... version 45
Loading Extraction Library Version 2.3
Loading Internal Library Version 0.7
Loading Physical Constants Library Version 0.4
Loading IFM Data Post-Processing Library Version 1.3.0
Loading RF Parameter Extraction Library Version 1.0.2
Tcl-Library: files successfully loaded: '6'.
[SCL][SCL] 07/08/2024 05:19:21 PID:27348 Client:iitpkd21 checkin-incr Feature:svisual_all Count:1 
